[debug] [2023-12-12T14:13:26.316Z] ----------------------------------------------------------------------
[debug] [2023-12-12T14:13:30.155Z] Command:       C:\Program Files\nodejs\node.exe C:\Users\arzib\AppData\Roaming\npm\node_modules\firebase-tools\lib\bin\firebase.js init
[debug] [2023-12-12T14:13:30.156Z] CLI Version:   13.0.1
[debug] [2023-12-12T14:13:30.157Z] Platform:      win32
[debug] [2023-12-12T14:13:30.157Z] Node Version:  v20.9.0
[debug] [2023-12-12T14:13:30.295Z] Time:          Tue Dec 12 2023 15:13:30 GMT+0100 (West Africa Standard Time)
[debug] [2023-12-12T14:13:30.295Z] ----------------------------------------------------------------------
[debug] 
[debug] [2023-12-12T14:13:30.593Z] > command requires scopes: ["email","openid","https://www.googleapis.com/auth/cloudplatformprojects.readonly","https://www.googleapis.com/auth/firebase","https://www.googleapis.com/auth/cloud-platform"]
[debug] [2023-12-12T14:13:30.596Z] > authorizing via signed-in user (arziblack2@gmail.com)
[info] 
     ######## #### ########  ######## ########     ###     ######  ########
     ##        ##  ##     ## ##       ##     ##  ##   ##  ##       ##
     ######    ##  ########  ######   ########  #########  ######  ######
     ##        ##  ##    ##  ##       ##     ## ##     ##       ## ##
     ##       #### ##     ## ######## ########  ##     ##  ######  ########

You're about to initialize a Firebase project in this directory:

  D:\Development\Commune

[info] 
=== Project Setup
[info] 
[info] First, let's associate this project directory with a Firebase project.
[info] You can create multiple project aliases by running firebase use --add, 
[info] but for now we'll just set up a default project.
[info] 
[debug] [2023-12-12T15:02:13.366Z] > refreshing access token with scopes: []
[debug] [2023-12-12T15:02:29.186Z] >>> [apiv2][query] POST https://www.googleapis.com/oauth2/v3/token [none]
[debug] [2023-12-12T15:02:29.186Z] >>> [apiv2][body] POST https://www.googleapis.com/oauth2/v3/token [omitted]
[debug] [2023-12-12T15:04:04.820Z] <<< [apiv2][status] POST https://www.googleapis.com/oauth2/v3/token 200
[debug] [2023-12-12T15:04:04.821Z] <<< [apiv2][body] POST https://www.googleapis.com/oauth2/v3/token [omitted]
[debug] [2023-12-12T15:04:11.735Z] >>> [apiv2][query] GET https://firebase.googleapis.com/v1beta1/projects pageSize=100
[debug] [2023-12-12T15:04:13.563Z] <<< [apiv2][status] GET https://firebase.googleapis.com/v1beta1/projects 200
[debug] [2023-12-12T15:04:13.563Z] <<< [apiv2][body] GET https://firebase.googleapis.com/v1beta1/projects [omitted]
